Arguments: 
  /usr/local/bin/node /usr/local/bin/yarn add

PATH: 
  /Users/lvqin/.cargo/bin:/Users/lvqin/.cargo/bin:/usr/local/bin:/usr/bin:/bin:/usr/sbin:/sbin:/Users/lvqin/.cargo/bin:/Users/lvqin/Library/Android/sdk/platform-tools:/Users/lvqin/Rust/yew/examples/dashboard/client/emsdk-portable:/Users/lvqin/Rust/yew/examples/dashboard/client/emsdk-portable/clang/fastcomp/build_incoming_64/bin:/Users/lvqin/Rust/yew/examples/dashboard/client/emsdk-portable/node/4.1.1_64bit/bin:/Users/lvqin/Rust/yew/examples/dashboard/client/emsdk-portable/emscripten/incoming:/Applications/Visual Studio Code 2.app/Contents/Resources/app/bin:/Users/lvqin/flutterSpace/flutter/bin:/Users/lvqin/.pub-cache/bin:/Users/lvqin/Library/Android/sdk/platform-tools:/Users/lvqin/Rust/yew/examples/dashboard/client/emsdk-portable:/Users/lvqin/Rust/yew/examples/dashboard/client/emsdk-portable/clang/fastcomp/build_incoming_64/bin:/Users/lvqin/Rust/yew/examples/dashboard/client/emsdk-portable/node/4.1.1_64bit/bin:/Users/lvqin/Rust/yew/examples/dashboard/client/emsdk-portable/emscripten/incoming:/Applications/Visual Studio Code 2.app/Contents/Resources/app/bin:/Users/lvqin/flutterSpace/flutter/bin:/Users/lvqin/.pub-cache/bin

Yarn version: 
  1.5.1

Node version: 
  8.11.1

Platform: 
  darwin x64

npm manifest: 
  {
    "name": "my-blog",
    "version": "1.0.0",
    "description": "personal blog",
    "main": "src/index.js",
    "repository": "https://github.com/yunfengsa/yunfengsa.github.io.git",
    "author": "无名氏 <saveworld@126.com>",
    "license": "MIT",
    "scripts": {
      "dev": "next",
      "build": "next build",
      "start": "next start",
      "export": "next build && next export"
    },
    "devDependencies": {},
    "dependencies": {
      "next": "^7.0.2",
      "react": "^16.7.0",
      "react-dom": "^16.7.0"
    }
  }

yarn manifest: 
  No manifest

Lockfile: 
  No lockfile

Trace: 
  Error: Missing list of packages to add to your project.
      at new MessageError (/usr/local/lib/node_modules/yarn/lib/cli.js:186:110)
      at Object.<anonymous> (/usr/local/lib/node_modules/yarn/lib/cli.js:40587:13)
      at Generator.next (<anonymous>)
      at step (/usr/local/lib/node_modules/yarn/lib/cli.js:98:30)
      at /usr/local/lib/node_modules/yarn/lib/cli.js:116:14
      at new Promise (<anonymous>)
      at new F (/usr/local/lib/node_modules/yarn/lib/cli.js:23451:28)
      at Object.<anonymous> (/usr/local/lib/node_modules/yarn/lib/cli.js:95:12)
      at Object.run (/usr/local/lib/node_modules/yarn/lib/cli.js:40599:19)
      at run (/usr/local/lib/node_modules/yarn/lib/cli.js:89113:20)
